<?xml version="1.0" encoding="UTF-8"?>
<!-- Generated by org.testng.reporters.JUnitXMLReporter -->
<testsuite hostname="DESKTOP-689S9LJ" ignored="1" name="Test" tests="1" failures="1" timestamp="09 Jun 2018 05:50:01 GMT" time="14.12" errors="0">
  <testcase name="tc_01" time="8.904" classname="testScripts.Testcase1">
    <failure type="java.lang.NullPointerException">
      <![CDATA[java.lang.NullPointerException
at org.openqa.selenium.support.pagefactory.internal.LocatingElementHandler.invoke(LocatingElementHandler.java:51)
at com.sun.proxy.$Proxy8.isDisplayed(Unknown Source)
at PO.loginPO.login(loginPO.java:35)
at testScripts.Testcase1.tc_01(Testcase1.java:21)
... Removed 33 stack frames]]>
    </failure>
  </testcase> <!-- tc_01 -->
  <testcase name="tc_02" time="0.0" classname="testScripts.Testcase1">
    <ignored/>
  </testcase> <!-- tc_02 -->
</testsuite> <!-- Test -->
